<?xml version="1.0" encoding="UTF-8"?>
<!-- Generated by org.testng.reporters.JUnitReportReporter -->
<testsuite skipped="0" hostname="PC17ZGQS" name="com.w2a.testcases.openAccountTest" tests="1" failures="0" timestamp="2021-07-09T18:18:42 IST" time="2.892" errors="0">
  <testcase name="openAccTest" time="2.892" classname="com.w2a.testcases.openAccountTest"/>
  <system-out/>
</testsuite> <!-- com.w2a.testcases.openAccountTest -->
