<?xml version="1.0" encoding="UTF-8"?>
<!-- Generated by org.testng.reporters.JUnitReportReporter -->
<testsuite skipped="1" hostname="PC17ZGQS" name="com.w2a.testcases.AddCustomerTest" tests="3" failures="0" timestamp="2021-07-09T18:18:42 IST" time="1.396" errors="0">
  <testcase name="addCustomerTest" time="0.922" classname="com.w2a.testcases.AddCustomerTest"/>
  <system-out/>
  <testcase name="addCustomerTest" time="0.471" classname="com.w2a.testcases.AddCustomerTest"/>
  <system-out/>
  <testcase name="addCustomerTest" time="0.003" classname="com.w2a.testcases.AddCustomerTest">
    <skipped/>
  </testcase> <!-- addCustomerTest -->
  <system-out/>
</testsuite> <!-- com.w2a.testcases.AddCustomerTest -->
