<?xml version="1.0" encoding="UTF-8"?>
<!-- Generated by org.testng.reporters.JUnitReportReporter -->
<testsuite skipped="0" hostname="PC17ZGQS" name="com.w2a.testcases.BankmgrloginTest" tests="1" failures="0" timestamp="2021-07-09T18:18:42 IST" time="6.577" errors="0">
  <testcase name="loginAsBankManager" time="6.577" classname="com.w2a.testcases.BankmgrloginTest"/>
  <system-out>
<br>Verification failure:expected [abc] but found [xyz]<br> <a target="_blank" href=Fri_Jul_09_18_18_27_IST_2021.jpg>Screenshot</a> <br> <br>  </system-out>
</testsuite> <!-- com.w2a.testcases.BankmgrloginTest -->
